  [1m[35m (240.3ms)[0m  [1m[35mCREATE DATABASE "cabin_fever_backend_development" ENCODING = 'unicode'[0m
  [1m[35m (73.9ms)[0m  [1m[35mCREATE DATABASE "cabin_fever_backend_test" ENCODING = 'unicode'[0m
Started GET "/" for ::1 at 2021-01-29 07:39:13 -0800
Processing by Rails::WelcomeController#index as HTML
  Rendering /Users/stevenmercer/.rbenv/versions/2.7.2/lib/ruby/gems/2.7.0/gems/railties-6.1.1/lib/rails/templates/rails/welcome/index.html.erb
  Rendered /Users/stevenmercer/.rbenv/versions/2.7.2/lib/ruby/gems/2.7.0/gems/railties-6.1.1/lib/rails/templates/rails/welcome/index.html.erb (Duration: 8.6ms | Allocations: 445)
Completed 200 OK in 31ms (Views: 16.2ms | ActiveRecord: 0.0ms | Allocations: 3600)


Started GET "/cabins" for ::1 at 2021-01-29 07:39:20 -0800
  
ActionController::RoutingError (No route matches [GET] "/cabins"):
  
Started GET "/" for ::1 at 2021-01-29 07:49:13 -0800
Processing by Rails::WelcomeController#index as HTML
  Rendering /Users/stevenmercer/.rbenv/versions/2.7.2/lib/ruby/gems/2.7.0/gems/railties-6.1.1/lib/rails/templates/rails/welcome/index.html.erb
  Rendered /Users/stevenmercer/.rbenv/versions/2.7.2/lib/ruby/gems/2.7.0/gems/railties-6.1.1/lib/rails/templates/rails/welcome/index.html.erb (Duration: 6.5ms | Allocations: 219)
Completed 200 OK in 10ms (Views: 7.6ms | Allocations: 915)


Started GET "/cabins" for ::1 at 2021-01-29 07:49:22 -0800
  
ActionController::RoutingError (No route matches [GET] "/cabins"):
  
Started GET "/cabin" for ::1 at 2021-01-29 07:49:29 -0800
  
ActionController::RoutingError (No route matches [GET] "/cabin"):
  
Started GET "/cabin" for ::1 at 2021-01-29 07:49:33 -0800
  
ActionController::RoutingError (No route matches [GET] "/cabin"):
  
Started GET "/cabins" for ::1 at 2021-01-29 07:49:39 -0800
  
ActionController::RoutingError (No route matches [GET] "/cabins"):
  
